
> spring-api-app-v21@0.0.0 build
> ng build

❯ Building...
✔ Building...
Application bundle generation failed. [2.067 seconds] - 2026-05-01T22:40:26.443Z

✘ [ERROR] NG2008: Could not find stylesheet file './app.component.css'. [plugin angular-compiler]

    src/app/app.component.ts:10:14:
      10 │   styleUrls: ['./app.component.css']
         ╵               ~~~~~~~~~~~~~~~~~~~~~


✘ [ERROR] TS7006: Parameter 'event' implicitly has an 'any' type. [plugin angular-compiler]

    src/app/auth/auth.component.ts:29:8:
      29 │   login(event) {
         ╵         ~~~~~


✘ [ERROR] TS2564: Property 'userList' has no initializer and is not definitely assigned in the constructor. [plugin angular-compiler]

    src/app/main/main.component.ts:24:2:
      24 │   userList: User[];
         ╵   ~~~~~~~~


✘ [ERROR] TS2564: Property 'user' has no initializer and is not definitely assigned in the constructor. [plugin angular-compiler]

    src/app/main/main.component.ts:25:2:
      25 │   user: User;
         ╵   ~~~~


✘ [ERROR] TS2322: Type 'null' is not assignable to type 'User'. [plugin angular-compiler]

    src/app/main/main.component.ts:44:4:
      44 │     this.user = null;
         ╵     ~~~~~~~~~


✘ [ERROR] TS2345: Argument of type '(data: User[]) => void' is not assignable to parameter of type '(value: Object) => void'.
  Types of parameters 'data' and 'value' are incompatible.
    The 'Object' type is assignable to very few other types. Did you mean to use the 'any' type instead?
      Type 'Object' is missing the following properties from type 'User[]': length, pop, push, concat, and 29 more. [plugin angular-compiler]

    src/app/main/main.component.ts:72:48:
      72 │     this.http.get(this.baseUrl, data).subscribe((data: User[]) => {
         ╵                                                 ~~~~~~~~~~~~~~~~~~~


✘ [ERROR] TS2769: No overload matches this call.
  Overload 1 of 2, '(observerOrNext?: Partial<Observer<Object>> | ((value: Object) => void) | undefined): Subscription', gave the following error.
    Argument of type '(data: User) => void' is not assignable to parameter of type 'Partial<Observer<Object>> | ((value: Object) => void) | undefined'.
      Type '(data: User) => void' is not assignable to type '(value: Object) => void'.
        Types of parameters 'data' and 'value' are incompatible.
          The 'Object' type is assignable to very few other types. Did you mean to use the 'any' type instead?
            Type 'Object' is missing the following properties from type 'User': id, name, age, salary
  Overload 2 of 2, '(next?: ((value: Object) => void) | null | undefined, error?: ((error: any) => void) | null | undefined, complete?: (() => void) | null | undefined): Subscription', gave the following error.
    Argument of type '(data: User) => void' is not assignable to parameter of type '(value: Object) => void'.
      Types of parameters 'data' and 'value' are incompatible.
        The 'Object' type is assignable to very few other types. Did you mean to use the 'any' type instead?
          Type 'Object' is missing the following properties from type 'User': id, name, age, salary [plugin angular-compiler]

    src/app/main/main.component.ts:87:54:
      87 │ ...his.http.post(this.baseUrl, this.user).subscribe((data: User) => {
         ╵                                                     ~~~~~~~~~~~~~~~~~


✘ [ERROR] TS7006: Parameter 'user' implicitly has an 'any' type. [plugin angular-compiler]

    src/app/main/main.component.ts:94:13:
      94 │   deleteUser(user) {
         ╵              ~~~~


✘ [ERROR] TS2769: No overload matches this call.
  Overload 1 of 2, '(observerOrNext?: Partial<Observer<Object>> | ((value: Object) => void) | undefined): Subscription', gave the following error.
    Argument of type '(data: User) => void' is not assignable to parameter of type 'Partial<Observer<Object>> | ((value: Object) => void) | undefined'.
      Type '(data: User) => void' is not assignable to type '(value: Object) => void'.
        Types of parameters 'data' and 'value' are incompatible.
          The 'Object' type is assignable to very few other types. Did you mean to use the 'any' type instead?
            Type 'Object' is missing the following properties from type 'User': id, name, age, salary
  Overload 2 of 2, '(next?: ((value: Object) => void) | null | undefined, error?: ((error: any) => void) | null | undefined, complete?: (() => void) | null | undefined): Subscription', gave the following error.
    Argument of type '(data: User) => void' is not assignable to parameter of type '(value: Object) => void'.
      Types of parameters 'data' and 'value' are incompatible.
        The 'Object' type is assignable to very few other types. Did you mean to use the 'any' type instead?
          Type 'Object' is missing the following properties from type 'User': id, name, age, salary [plugin angular-compiler]

    src/app/main/main.component.ts:95:55:
      95 │ ...is.http.delete(this.baseUrl + user.id).subscribe((data: User) => {
         ╵                                                     ~~~~~~~~~~~~~~~~~


✘ [ERROR] TS2769: No overload matches this call.
  Overload 1 of 2, '(observerOrNext?: Partial<Observer<Object>> | ((value: Object) => void) | undefined): Subscription', gave the following error.
    Argument of type '(data: User) => void' is not assignable to parameter of type 'Partial<Observer<Object>> | ((value: Object) => void) | undefined'.
      Type '(data: User) => void' is not assignable to type '(value: Object) => void'.
        Types of parameters 'data' and 'value' are incompatible.
          The 'Object' type is assignable to very few other types. Did you mean to use the 'any' type instead?
            Type 'Object' is missing the following properties from type 'User': id, name, age, salary
  Overload 2 of 2, '(next?: ((value: Object) => void) | null | undefined, error?: ((error: any) => void) | null | undefined, complete?: (() => void) | null | undefined): Subscription', gave the following error.
    Argument of type '(data: User) => void' is not assignable to parameter of type '(value: Object) => void'.
      Types of parameters 'data' and 'value' are incompatible.
        The 'Object' type is assignable to very few other types. Did you mean to use the 'any' type instead?
          Type 'Object' is missing the following properties from type 'User': id, name, age, salary [plugin angular-compiler]

    src/app/main/main.component.ts:102:68:
      102 │ ...is.baseUrl + this.user.id, this.user).subscribe((data: User) => {
          ╵                                                    ~~~~~~~~~~~~~~~~~


✘ [ERROR] TS7006: Parameter 'user' implicitly has an 'any' type. [plugin angular-compiler]

    src/app/main/main.component.ts:110:11:
      110 │   viewUser(user) {
          ╵            ~~~~


✘ [ERROR] TS2769: No overload matches this call.
  Overload 1 of 2, '(observerOrNext?: Partial<Observer<Object>> | ((value: Object) => void) | undefined): Subscription', gave the following error.
    Argument of type '(data: User) => void' is not assignable to parameter of type 'Partial<Observer<Object>> | ((value: Object) => void) | undefined'.
      Type '(data: User) => void' is not assignable to type '(value: Object) => void'.
        Types of parameters 'data' and 'value' are incompatible.
          The 'Object' type is assignable to very few other types. Did you mean to use the 'any' type instead?
            Type 'Object' is missing the following properties from type 'User': id, name, age, salary
  Overload 2 of 2, '(next?: ((value: Object) => void) | null | undefined, error?: ((error: any) => void) | null | undefined, complete?: (() => void) | null | undefined): Subscription', gave the following error.
    Argument of type '(data: User) => void' is not assignable to parameter of type '(value: Object) => void'.
      Types of parameters 'data' and 'value' are incompatible.
        The 'Object' type is assignable to very few other types. Did you mean to use the 'any' type instead?
          Type 'Object' is missing the following properties from type 'User': id, name, age, salary [plugin angular-compiler]

    src/app/main/main.component.ts:121:58:
      121 │ ...ttp.get(this.baseUrl + user.id, data).subscribe((data: User) => {
          ╵                                                    ~~~~~~~~~~~~~~~~~


✘ [ERROR] TS7006: Parameter 'message' implicitly has an 'any' type. [plugin angular-compiler]

    src/app/main/main.component.ts:127:12:
      127 │   showAlert(message, typeAlert) {
          ╵             ~~~~~~~


✘ [ERROR] TS7006: Parameter 'typeAlert' implicitly has an 'any' type. [plugin angular-compiler]

    src/app/main/main.component.ts:127:21:
      127 │   showAlert(message, typeAlert) {
          ╵                      ~~~~~~~~~


